<?xml version="1.0" encoding="UTF-8"?>
<robot generator="Robot 6.1.1 (Python 3.12.1 on win32)" generated="20231223 14:43:28.591" rpa="false" schemaversion="4">
<suite id="s1" name="Promo Codes" source="C:\Users\luksa\PycharmProjects\fakestore.testelka.pl_tests\test_robot_app\promo_codes.robot">
<test id="s1-t1" name="Valid Unlimited Promo Codes" line="9">
<kw name="Open Browser To Shop Page" library="resource">
<kw name="Open Browser" library="SeleniumLibrary">
<arg>${SHOP_URL}</arg>
<arg>${BROWSER}</arg>
<doc>Opens a new browser instance to the optional ``url``.</doc>
<msg timestamp="20231223 14:43:28.845" level="INFO">Opening browser 'chrome' to base url 'https://fakestore.testelka.pl/shop/'.</msg>
<status status="PASS" starttime="20231223 14:43:28.845" endtime="20231223 14:43:32.866"/>
</kw>
<kw name="Maximize Browser Window" library="SeleniumLibrary">
<doc>Maximizes current browser window.</doc>
<status status="PASS" starttime="20231223 14:43:32.866" endtime="20231223 14:43:32.982"/>
</kw>
<kw name="Set Selenium Speed" library="SeleniumLibrary">
<arg>${DELAY}</arg>
<doc>Sets the delay that is waited after each Selenium command.</doc>
<status status="PASS" starttime="20231223 14:43:32.982" endtime="20231223 14:43:32.982"/>
</kw>
<kw name="Hide Dismiss Link Notice" library="resource">
<kw name="Click Element" library="SeleniumLibrary">
<arg>xpath:/html/body/p/a</arg>
<doc>Click the element identified by ``locator``.</doc>
<msg timestamp="20231223 14:43:32.983" level="INFO">Clicking element 'xpath:/html/body/p/a'.</msg>
<status status="PASS" starttime="20231223 14:43:32.982" endtime="20231223 14:43:33.051"/>
</kw>
<status status="PASS" starttime="20231223 14:43:32.982" endtime="20231223 14:43:33.051"/>
</kw>
<kw name="Shop Page Should Be Open" library="resource">
<kw name="Title Should Be" library="SeleniumLibrary">
<arg>Sklep – FakeStore</arg>
<doc>Verifies that the current page title equals ``title``.</doc>
<msg timestamp="20231223 14:43:33.059" level="INFO">Page title is 'Sklep – FakeStore'.</msg>
<status status="PASS" starttime="20231223 14:43:33.051" endtime="20231223 14:43:33.059"/>
</kw>
<status status="PASS" starttime="20231223 14:43:33.051" endtime="20231223 14:43:33.059"/>
</kw>
<status status="PASS" starttime="20231223 14:43:28.845" endtime="20231223 14:43:33.059"/>
</kw>
<kw name="Select Product Category" library="resource">
<kw name="Click Element" library="SeleniumLibrary">
<arg>xpath://*[@id="main"]/ul/li[1]/a/h2</arg>
<doc>Click the element identified by ``locator``.</doc>
<msg timestamp="20231223 14:43:33.060" level="INFO">Clicking element 'xpath://*[@id="main"]/ul/li[1]/a/h2'.</msg>
<status status="PASS" starttime="20231223 14:43:33.060" endtime="20231223 14:43:34.094"/>
</kw>
<status status="PASS" starttime="20231223 14:43:33.059" endtime="20231223 14:43:34.094"/>
</kw>
<kw name="Add Product To The Shoping Cart" library="resource">
<kw name="Click Element" library="SeleniumLibrary">
<arg>xpath://*[@id="main"]/ul/li[1]/a[2]</arg>
<doc>Click the element identified by ``locator``.</doc>
<msg timestamp="20231223 14:43:34.095" level="INFO">Clicking element 'xpath://*[@id="main"]/ul/li[1]/a[2]'.</msg>
<status status="PASS" starttime="20231223 14:43:34.095" endtime="20231223 14:43:34.143"/>
</kw>
<status status="PASS" starttime="20231223 14:43:34.095" endtime="20231223 14:43:34.143"/>
</kw>
<kw name="Check Product Exist In The Shopping Cart" library="resource">
<kw name="Wait Until Element Is Visible" library="SeleniumLibrary">
<arg>xpath://*[@id="main"]/ul/li[1]/a[3]</arg>
<doc>Waits until the element ``locator`` is visible.</doc>
<status status="PASS" starttime="20231223 14:43:34.143" endtime="20231223 14:43:35.018"/>
</kw>
<kw name="Click Element" library="SeleniumLibrary">
<arg>xpath://*[@id="main"]/ul/li[1]/a[3]</arg>
<doc>Click the element identified by ``locator``.</doc>
<msg timestamp="20231223 14:43:35.019" level="INFO">Clicking element 'xpath://*[@id="main"]/ul/li[1]/a[3]'.</msg>
<status status="PASS" starttime="20231223 14:43:35.018" endtime="20231223 14:43:37.078"/>
</kw>
<kw name="Page Should Contain" library="SeleniumLibrary">
<arg>Egipt - El Gouna</arg>
<doc>Verifies that current page contains ``text``.</doc>
<msg timestamp="20231223 14:43:37.092" level="INFO">Current page contains text 'Egipt - El Gouna'.</msg>
<status status="PASS" starttime="20231223 14:43:37.078" endtime="20231223 14:43:37.093"/>
</kw>
<status status="PASS" starttime="20231223 14:43:34.143" endtime="20231223 14:43:37.093"/>
</kw>
<kw name="Input Unlimited Promo Codes" library="resource">
<kw name="Input Text" library="SeleniumLibrary">
<arg>id:coupon_code</arg>
<arg>${PC_250}</arg>
<doc>Types the given ``text`` into the text field identified by ``locator``.</doc>
<msg timestamp="20231223 14:43:37.093" level="INFO">Typing text 'kwotowy250' into text field 'id:coupon_code'.</msg>
<status status="PASS" starttime="20231223 14:43:37.093" endtime="20231223 14:43:37.186"/>
</kw>
<kw name="Apply Voucher" library="resource">
<kw name="Click Element" library="SeleniumLibrary">
<arg>class:button</arg>
<doc>Click the element identified by ``locator``.</doc>
<msg timestamp="20231223 14:43:37.187" level="INFO">Clicking element 'class:button'.</msg>
<status status="PASS" starttime="20231223 14:43:37.186" endtime="20231223 14:43:37.236"/>
</kw>
<status status="PASS" starttime="20231223 14:43:37.186" endtime="20231223 14:43:37.236"/>
</kw>
<kw name="Sleep" library="BuiltIn">
<arg>2</arg>
<doc>Pauses the test executed for the given time.</doc>
<msg timestamp="20231223 14:43:39.237" level="INFO">Slept 2 seconds</msg>
<status status="PASS" starttime="20231223 14:43:37.236" endtime="20231223 14:43:39.237"/>
</kw>
<kw name="Input Text" library="SeleniumLibrary">
<arg>id:coupon_code</arg>
<arg>${PC_10%}</arg>
<doc>Types the given ``text`` into the text field identified by ``locator``.</doc>
<msg timestamp="20231223 14:43:39.237" level="INFO">Typing text '10procent' into text field 'id:coupon_code'.</msg>
<status status="PASS" starttime="20231223 14:43:39.237" endtime="20231223 14:43:39.310"/>
</kw>
<kw name="Apply Voucher" library="resource">
<kw name="Click Element" library="SeleniumLibrary">
<arg>class:button</arg>
<doc>Click the element identified by ``locator``.</doc>
<msg timestamp="20231223 14:43:39.311" level="INFO">Clicking element 'class:button'.</msg>
<status status="PASS" starttime="20231223 14:43:39.310" endtime="20231223 14:43:39.353"/>
</kw>
<status status="PASS" starttime="20231223 14:43:39.310" endtime="20231223 14:43:39.353"/>
</kw>
<status status="PASS" starttime="20231223 14:43:37.093" endtime="20231223 14:43:39.353"/>
</kw>
<kw name="Sum Payable Should Be Valid" library="resource">
<kw name="Wait Until Element Is Visible" library="SeleniumLibrary">
<arg>xpath://*[@id="post-6"]/div/div/div[2]/div/table/tbody/tr[4]/td/strong/span</arg>
<doc>Waits until the element ``locator`` is visible.</doc>
<status status="PASS" starttime="20231223 14:43:39.354" endtime="20231223 14:43:42.097"/>
</kw>
<kw name="Element Should Contain" library="SeleniumLibrary">
<arg>xpath://*[@id="post-6"]/div/div/div[2]/div/table/tbody/tr[4]/td/strong/span</arg>
<arg>2 810,00</arg>
<doc>Verifies that element ``locator`` contains text ``expected``.</doc>
<msg timestamp="20231223 14:43:42.117" level="INFO">Element 'xpath://*[@id="post-6"]/div/div/div[2]/div/table/tbody/tr[4]/td/strong/span' contains text '2 810,00'.</msg>
<status status="PASS" starttime="20231223 14:43:42.097" endtime="20231223 14:43:42.118"/>
</kw>
<status status="PASS" starttime="20231223 14:43:39.353" endtime="20231223 14:43:42.118"/>
</kw>
<kw name="Close Browser" library="SeleniumLibrary" type="TEARDOWN">
<doc>Closes the current browser.</doc>
<status status="PASS" starttime="20231223 14:43:42.118" endtime="20231223 14:43:44.283"/>
</kw>
<status status="PASS" starttime="20231223 14:43:28.844" endtime="20231223 14:43:44.283"/>
</test>
<doc>****A test suite with tests for valid promo codes.

This test has a workflow that is created using keywords in
the imported resource file.</doc>
<status status="PASS" starttime="20231223 14:43:28.593" endtime="20231223 14:43:44.284"/>
</suite>
<statistics>
<total>
<stat pass="1" fail="0" skip="0">All Tests</stat>
</total>
<tag>
</tag>
<suite>
<stat pass="1" fail="0" skip="0" id="s1" name="Promo Codes">Promo Codes</stat>
</suite>
</statistics>
<errors>
</errors>
</robot>
