<?xml version="1.0" encoding="UTF-8"?>
<robot generator="Robot 6.1.1 (Python 3.12.1 on win32)" generated="20231222 15:03:59.005" rpa="false" schemaversion="4">
<suite id="s1" name="Buy With Promo Codes" source="C:\Users\luksa\PycharmProjects\fakestore.testelka.pl_tests\test_robot_app\buy_with_promo_codes.robot">
<test id="s1-t1" name="Buy Product With Unlimited Promo Codes" line="11">
<kw name="Open Browser To Shop Page" library="resource">
<kw name="Open Browser" library="SeleniumLibrary">
<arg>${SHOP_URL}</arg>
<arg>${BROWSER}</arg>
<doc>Opens a new browser instance to the optional ``url``.</doc>
<msg timestamp="20231222 15:03:59.232" level="INFO">Opening browser 'chrome' to base url 'https://fakestore.testelka.pl/shop/'.</msg>
<status status="PASS" starttime="20231222 15:03:59.232" endtime="20231222 15:04:04.847"/>
</kw>
<kw name="Maximize Browser Window" library="SeleniumLibrary">
<doc>Maximizes current browser window.</doc>
<status status="PASS" starttime="20231222 15:04:04.847" endtime="20231222 15:04:04.969"/>
</kw>
<kw name="Set Selenium Speed" library="SeleniumLibrary">
<arg>${DELAY}</arg>
<doc>Sets the delay that is waited after each Selenium command.</doc>
<status status="PASS" starttime="20231222 15:04:04.969" endtime="20231222 15:04:04.970"/>
</kw>
<kw name="Hide Dismiss Link Notice" library="resource">
<kw name="Click Element" library="SeleniumLibrary">
<arg>xpath:/html/body/p/a</arg>
<doc>Click the element identified by ``locator``.</doc>
<msg timestamp="20231222 15:04:04.970" level="INFO">Clicking element 'xpath:/html/body/p/a'.</msg>
<status status="PASS" starttime="20231222 15:04:04.970" endtime="20231222 15:04:05.032"/>
</kw>
<status status="PASS" starttime="20231222 15:04:04.970" endtime="20231222 15:04:05.032"/>
</kw>
<kw name="Shop Page Should Be Open" library="resource">
<kw name="Title Should Be" library="SeleniumLibrary">
<arg>Sklep – FakeStore</arg>
<doc>Verifies that the current page title equals ``title``.</doc>
<msg timestamp="20231222 15:04:05.038" level="INFO">Page title is 'Sklep – FakeStore'.</msg>
<status status="PASS" starttime="20231222 15:04:05.032" endtime="20231222 15:04:05.038"/>
</kw>
<status status="PASS" starttime="20231222 15:04:05.032" endtime="20231222 15:04:05.038"/>
</kw>
<status status="PASS" starttime="20231222 15:03:59.231" endtime="20231222 15:04:05.038"/>
</kw>
<kw name="Select Product Category" library="resource">
<kw name="Click Element" library="SeleniumLibrary">
<arg>xpath://*[@id="main"]/ul/li[1]/a/h2</arg>
<doc>Click the element identified by ``locator``.</doc>
<msg timestamp="20231222 15:04:05.039" level="INFO">Clicking element 'xpath://*[@id="main"]/ul/li[1]/a/h2'.</msg>
<status status="PASS" starttime="20231222 15:04:05.039" endtime="20231222 15:04:06.324"/>
</kw>
<status status="PASS" starttime="20231222 15:04:05.038" endtime="20231222 15:04:06.324"/>
</kw>
<kw name="Add Product To The Shoping Cart" library="resource">
<kw name="Click Element" library="SeleniumLibrary">
<arg>xpath://*[@id="main"]/ul/li[1]/a[2]</arg>
<doc>Click the element identified by ``locator``.</doc>
<msg timestamp="20231222 15:04:06.325" level="INFO">Clicking element 'xpath://*[@id="main"]/ul/li[1]/a[2]'.</msg>
<status status="PASS" starttime="20231222 15:04:06.324" endtime="20231222 15:04:06.384"/>
</kw>
<status status="PASS" starttime="20231222 15:04:06.324" endtime="20231222 15:04:06.384"/>
</kw>
<kw name="Close Browser" library="SeleniumLibrary" type="TEARDOWN">
<doc>Closes the current browser.</doc>
<status status="PASS" starttime="20231222 15:04:06.384" endtime="20231222 15:04:08.527"/>
</kw>
<status status="PASS" starttime="20231222 15:03:59.231" endtime="20231222 15:04:08.527"/>
</test>
<doc>****A test suite containing tests related to positive scenario,
where user can buy a product with promo codes without login to
user account

This test has a workflow that is created using keywords in
the imported resource file.</doc>
<status status="PASS" starttime="20231222 15:03:59.007" endtime="20231222 15:04:08.528"/>
</suite>
<statistics>
<total>
<stat pass="1" fail="0" skip="0">All Tests</stat>
</total>
<tag>
</tag>
<suite>
<stat pass="1" fail="0" skip="0" id="s1" name="Buy With Promo Codes">Buy With Promo Codes</stat>
</suite>
</statistics>
<errors>
</errors>
</robot>
