<?xml version="1.0" encoding="UTF-8"?>
<robot generator="Robot 6.1.1 (Python 3.12.1 on win32)" generated="20231219 16:32:44.258" rpa="false" schemaversion="4">
<suite id="s1" name="Invalid Login" source="C:\Users\luksa\PycharmProjects\fakestore.testelka.pl_tests\test_robot_app\invalid_login.robot">
<test id="s1-t1" name="Invalid Username &amp; Valid Password" line="12">
<kw name="Open Browser To Login Page" library="resource">
<kw name="Open Browser To Welcome Page" library="resource">
<kw name="Open Browser" library="SeleniumLibrary">
<arg>${LOGIN_URL}</arg>
<arg>${BROWSER}</arg>
<doc>Opens a new browser instance to the optional ``url``.</doc>
<msg timestamp="20231219 16:32:44.499" level="INFO">Opening browser 'chrome' to base url 'https://fakestore.testelka.pl/moje-konto/'.</msg>
<status status="PASS" starttime="20231219 16:32:44.499" endtime="20231219 16:33:00.653"/>
</kw>
<kw name="Maximize Browser Window" library="SeleniumLibrary">
<doc>Maximizes current browser window.</doc>
<status status="PASS" starttime="20231219 16:33:00.653" endtime="20231219 16:33:00.770"/>
</kw>
<kw name="Set Selenium Speed" library="SeleniumLibrary">
<arg>${DELAY}</arg>
<doc>Sets the delay that is waited after each Selenium command.</doc>
<status status="PASS" starttime="20231219 16:33:00.770" endtime="20231219 16:33:00.770"/>
</kw>
<status status="PASS" starttime="20231219 16:32:44.499" endtime="20231219 16:33:00.770"/>
</kw>
<kw name="Login Page Should Be Open" library="resource">
<msg timestamp="20231219 16:33:00.770" level="FAIL">Keyword with same name defined multiple times.</msg>
<status status="FAIL" starttime="20231219 16:33:00.770" endtime="20231219 16:33:00.770"/>
</kw>
<status status="FAIL" starttime="20231219 16:32:44.499" endtime="20231219 16:33:00.771"/>
</kw>
<kw name="Invalid Username" library="resource">
<status status="NOT RUN" starttime="20231219 16:33:00.771" endtime="20231219 16:33:00.771"/>
</kw>
<kw name="Valid Password" library="resource">
<status status="NOT RUN" starttime="20231219 16:33:00.771" endtime="20231219 16:33:00.771"/>
</kw>
<kw name="Submit Credentials" library="resource">
<status status="NOT RUN" starttime="20231219 16:33:00.771" endtime="20231219 16:33:00.771"/>
</kw>
<kw name="Login Should Have Failed" library="resource">
<status status="NOT RUN" starttime="20231219 16:33:00.772" endtime="20231219 16:33:00.772"/>
</kw>
<status status="FAIL" starttime="20231219 16:32:44.498" endtime="20231219 16:33:00.772">Keyword with same name defined multiple times.</status>
</test>
<test id="s1-t2" name="Valid Username &amp; Invalid Password" line="19">
<kw name="Open Browser To Login Page" library="resource">
<kw name="Open Browser To Welcome Page" library="resource">
<kw name="Open Browser" library="SeleniumLibrary">
<arg>${LOGIN_URL}</arg>
<arg>${BROWSER}</arg>
<doc>Opens a new browser instance to the optional ``url``.</doc>
<msg timestamp="20231219 16:33:00.774" level="INFO">Opening browser 'chrome' to base url 'https://fakestore.testelka.pl/moje-konto/'.</msg>
<status status="PASS" starttime="20231219 16:33:00.774" endtime="20231219 16:33:04.417"/>
</kw>
<kw name="Maximize Browser Window" library="SeleniumLibrary">
<doc>Maximizes current browser window.</doc>
<status status="PASS" starttime="20231219 16:33:04.417" endtime="20231219 16:33:04.539"/>
</kw>
<kw name="Set Selenium Speed" library="SeleniumLibrary">
<arg>${DELAY}</arg>
<doc>Sets the delay that is waited after each Selenium command.</doc>
<status status="PASS" starttime="20231219 16:33:04.539" endtime="20231219 16:33:04.539"/>
</kw>
<status status="PASS" starttime="20231219 16:33:00.774" endtime="20231219 16:33:04.541"/>
</kw>
<kw name="Login Page Should Be Open" library="resource">
<msg timestamp="20231219 16:33:04.541" level="FAIL">Keyword with same name defined multiple times.</msg>
<status status="FAIL" starttime="20231219 16:33:04.541" endtime="20231219 16:33:04.541"/>
</kw>
<status status="FAIL" starttime="20231219 16:33:00.773" endtime="20231219 16:33:04.541"/>
</kw>
<kw name="Valid Username" library="resource">
<status status="NOT RUN" starttime="20231219 16:33:04.541" endtime="20231219 16:33:04.541"/>
</kw>
<kw name="Invalid Password" library="resource">
<status status="NOT RUN" starttime="20231219 16:33:04.541" endtime="20231219 16:33:04.542"/>
</kw>
<kw name="Submit Credentials" library="resource">
<status status="NOT RUN" starttime="20231219 16:33:04.542" endtime="20231219 16:33:04.542"/>
</kw>
<kw name="Login Should Have Failed" library="resource">
<status status="NOT RUN" starttime="20231219 16:33:04.542" endtime="20231219 16:33:04.542"/>
</kw>
<status status="FAIL" starttime="20231219 16:33:00.773" endtime="20231219 16:33:04.542">Keyword with same name defined multiple times.</status>
</test>
<test id="s1-t3" name="Invalid Username &amp; Invalid Password" line="26">
<kw name="Open Browser To Login Page" library="resource">
<kw name="Open Browser To Welcome Page" library="resource">
<kw name="Open Browser" library="SeleniumLibrary">
<arg>${LOGIN_URL}</arg>
<arg>${BROWSER}</arg>
<doc>Opens a new browser instance to the optional ``url``.</doc>
<msg timestamp="20231219 16:33:04.543" level="INFO">Opening browser 'chrome' to base url 'https://fakestore.testelka.pl/moje-konto/'.</msg>
<status status="PASS" starttime="20231219 16:33:04.543" endtime="20231219 16:33:08.790"/>
</kw>
<kw name="Maximize Browser Window" library="SeleniumLibrary">
<doc>Maximizes current browser window.</doc>
<status status="PASS" starttime="20231219 16:33:08.791" endtime="20231219 16:33:08.912"/>
</kw>
<kw name="Set Selenium Speed" library="SeleniumLibrary">
<arg>${DELAY}</arg>
<doc>Sets the delay that is waited after each Selenium command.</doc>
<status status="PASS" starttime="20231219 16:33:08.912" endtime="20231219 16:33:08.913"/>
</kw>
<status status="PASS" starttime="20231219 16:33:04.543" endtime="20231219 16:33:08.913"/>
</kw>
<kw name="Login Page Should Be Open" library="resource">
<msg timestamp="20231219 16:33:08.913" level="FAIL">Keyword with same name defined multiple times.</msg>
<status status="FAIL" starttime="20231219 16:33:08.913" endtime="20231219 16:33:08.913"/>
</kw>
<status status="FAIL" starttime="20231219 16:33:04.543" endtime="20231219 16:33:08.913"/>
</kw>
<kw name="Invalid Username" library="resource">
<status status="NOT RUN" starttime="20231219 16:33:08.913" endtime="20231219 16:33:08.913"/>
</kw>
<kw name="Invalid Password" library="resource">
<status status="NOT RUN" starttime="20231219 16:33:08.913" endtime="20231219 16:33:08.913"/>
</kw>
<kw name="Submit Credentials" library="resource">
<status status="NOT RUN" starttime="20231219 16:33:08.913" endtime="20231219 16:33:08.914"/>
</kw>
<kw name="Login Should Have Failed" library="resource">
<status status="NOT RUN" starttime="20231219 16:33:08.914" endtime="20231219 16:33:08.914"/>
</kw>
<status status="FAIL" starttime="20231219 16:33:04.543" endtime="20231219 16:33:08.914">Keyword with same name defined multiple times.</status>
</test>
<test id="s1-t4" name="Empty Username &amp; Valid Password" line="33">
<kw name="Open Browser To Login Page" library="resource">
<kw name="Open Browser To Welcome Page" library="resource">
<kw name="Open Browser" library="SeleniumLibrary">
<arg>${LOGIN_URL}</arg>
<arg>${BROWSER}</arg>
<doc>Opens a new browser instance to the optional ``url``.</doc>
<msg timestamp="20231219 16:33:08.916" level="INFO">Opening browser 'chrome' to base url 'https://fakestore.testelka.pl/moje-konto/'.</msg>
<status status="PASS" starttime="20231219 16:33:08.916" endtime="20231219 16:33:13.106"/>
</kw>
<kw name="Maximize Browser Window" library="SeleniumLibrary">
<doc>Maximizes current browser window.</doc>
<status status="PASS" starttime="20231219 16:33:13.106" endtime="20231219 16:33:13.224"/>
</kw>
<kw name="Set Selenium Speed" library="SeleniumLibrary">
<arg>${DELAY}</arg>
<doc>Sets the delay that is waited after each Selenium command.</doc>
<status status="PASS" starttime="20231219 16:33:13.224" endtime="20231219 16:33:13.224"/>
</kw>
<status status="PASS" starttime="20231219 16:33:08.916" endtime="20231219 16:33:13.224"/>
</kw>
<kw name="Login Page Should Be Open" library="resource">
<msg timestamp="20231219 16:33:13.224" level="FAIL">Keyword with same name defined multiple times.</msg>
<status status="FAIL" starttime="20231219 16:33:13.224" endtime="20231219 16:33:13.224"/>
</kw>
<status status="FAIL" starttime="20231219 16:33:08.915" endtime="20231219 16:33:13.224"/>
</kw>
<kw name="Empty Username" library="resource">
<status status="NOT RUN" starttime="20231219 16:33:13.225" endtime="20231219 16:33:13.225"/>
</kw>
<kw name="Valid Password" library="resource">
<status status="NOT RUN" starttime="20231219 16:33:13.225" endtime="20231219 16:33:13.225"/>
</kw>
<kw name="Submit Credentials" library="resource">
<status status="NOT RUN" starttime="20231219 16:33:13.226" endtime="20231219 16:33:13.226"/>
</kw>
<kw name="Login Should Have Failed" library="resource">
<status status="NOT RUN" starttime="20231219 16:33:13.226" endtime="20231219 16:33:13.226"/>
</kw>
<status status="FAIL" starttime="20231219 16:33:08.915" endtime="20231219 16:33:13.226">Keyword with same name defined multiple times.</status>
</test>
<test id="s1-t5" name="Valid Username &amp; Empty Password" line="40">
<kw name="Open Browser To Login Page" library="resource">
<kw name="Open Browser To Welcome Page" library="resource">
<kw name="Open Browser" library="SeleniumLibrary">
<arg>${LOGIN_URL}</arg>
<arg>${BROWSER}</arg>
<doc>Opens a new browser instance to the optional ``url``.</doc>
<msg timestamp="20231219 16:33:13.228" level="INFO">Opening browser 'chrome' to base url 'https://fakestore.testelka.pl/moje-konto/'.</msg>
<status status="PASS" starttime="20231219 16:33:13.228" endtime="20231219 16:33:18.524"/>
</kw>
<kw name="Maximize Browser Window" library="SeleniumLibrary">
<doc>Maximizes current browser window.</doc>
<status status="PASS" starttime="20231219 16:33:18.524" endtime="20231219 16:33:18.641"/>
</kw>
<kw name="Set Selenium Speed" library="SeleniumLibrary">
<arg>${DELAY}</arg>
<doc>Sets the delay that is waited after each Selenium command.</doc>
<status status="PASS" starttime="20231219 16:33:18.641" endtime="20231219 16:33:18.641"/>
</kw>
<status status="PASS" starttime="20231219 16:33:13.227" endtime="20231219 16:33:18.641"/>
</kw>
<kw name="Login Page Should Be Open" library="resource">
<msg timestamp="20231219 16:33:18.641" level="FAIL">Keyword with same name defined multiple times.</msg>
<status status="FAIL" starttime="20231219 16:33:18.641" endtime="20231219 16:33:18.641"/>
</kw>
<status status="FAIL" starttime="20231219 16:33:13.227" endtime="20231219 16:33:18.641"/>
</kw>
<kw name="Valid Username" library="resource">
<status status="NOT RUN" starttime="20231219 16:33:18.642" endtime="20231219 16:33:18.642"/>
</kw>
<kw name="Empty Password" library="resource">
<status status="NOT RUN" starttime="20231219 16:33:18.642" endtime="20231219 16:33:18.642"/>
</kw>
<kw name="Submit Credentials" library="resource">
<status status="NOT RUN" starttime="20231219 16:33:18.642" endtime="20231219 16:33:18.642"/>
</kw>
<kw name="Login Should Have Failed" library="resource">
<status status="NOT RUN" starttime="20231219 16:33:18.642" endtime="20231219 16:33:18.642"/>
</kw>
<status status="FAIL" starttime="20231219 16:33:13.227" endtime="20231219 16:33:18.643">Keyword with same name defined multiple times.</status>
</test>
<test id="s1-t6" name="Empty Username &amp; Empty Password" line="47">
<kw name="Open Browser To Login Page" library="resource">
<kw name="Open Browser To Welcome Page" library="resource">
<kw name="Open Browser" library="SeleniumLibrary">
<arg>${LOGIN_URL}</arg>
<arg>${BROWSER}</arg>
<doc>Opens a new browser instance to the optional ``url``.</doc>
<msg timestamp="20231219 16:33:18.645" level="INFO">Opening browser 'chrome' to base url 'https://fakestore.testelka.pl/moje-konto/'.</msg>
<status status="PASS" starttime="20231219 16:33:18.645" endtime="20231219 16:33:25.886"/>
</kw>
<kw name="Maximize Browser Window" library="SeleniumLibrary">
<doc>Maximizes current browser window.</doc>
<status status="PASS" starttime="20231219 16:33:25.886" endtime="20231219 16:33:26.011"/>
</kw>
<kw name="Set Selenium Speed" library="SeleniumLibrary">
<arg>${DELAY}</arg>
<doc>Sets the delay that is waited after each Selenium command.</doc>
<status status="PASS" starttime="20231219 16:33:26.011" endtime="20231219 16:33:26.011"/>
</kw>
<status status="PASS" starttime="20231219 16:33:18.644" endtime="20231219 16:33:26.012"/>
</kw>
<kw name="Login Page Should Be Open" library="resource">
<msg timestamp="20231219 16:33:26.012" level="FAIL">Keyword with same name defined multiple times.</msg>
<status status="FAIL" starttime="20231219 16:33:26.012" endtime="20231219 16:33:26.012"/>
</kw>
<status status="FAIL" starttime="20231219 16:33:18.644" endtime="20231219 16:33:26.012"/>
</kw>
<kw name="Empty Username" library="resource">
<status status="NOT RUN" starttime="20231219 16:33:26.012" endtime="20231219 16:33:26.012"/>
</kw>
<kw name="Empty Password" library="resource">
<status status="NOT RUN" starttime="20231219 16:33:26.012" endtime="20231219 16:33:26.012"/>
</kw>
<kw name="Submit Credentials" library="resource">
<status status="NOT RUN" starttime="20231219 16:33:26.013" endtime="20231219 16:33:26.013"/>
</kw>
<kw name="Login Should Have Failed" library="resource">
<status status="NOT RUN" starttime="20231219 16:33:26.013" endtime="20231219 16:33:26.013"/>
</kw>
<kw name="Close Browser" library="SeleniumLibrary" type="TEARDOWN">
<doc>Closes the current browser.</doc>
<status status="PASS" starttime="20231219 16:33:26.013" endtime="20231219 16:33:28.154"/>
</kw>
<status status="FAIL" starttime="20231219 16:33:18.644" endtime="20231219 16:33:28.154">Keyword with same name defined multiple times.</status>
</test>
<doc>****A test suite containing tests related to invalid login.

This class consist of six test cases with negative scenario,
where user cannot login when invalid credentials are used.

These tests have a workflow that is created using keywords in
the imported resource file.</doc>
<status status="FAIL" starttime="20231219 16:32:44.259" endtime="20231219 16:33:28.155"/>
</suite>
<statistics>
<total>
<stat pass="0" fail="6" skip="0">All Tests</stat>
</total>
<tag>
</tag>
<suite>
<stat pass="0" fail="6" skip="0" id="s1" name="Invalid Login">Invalid Login</stat>
</suite>
</statistics>
<errors>
<msg timestamp="20231219 16:32:44.282" level="ERROR">Error in file 'C:\Users\luksa\PycharmProjects\fakestore.testelka.pl_tests\test_robot_app\resource.robot' on line 54: Creating keyword 'Login Page Should Be Open' failed: Keyword with same name defined multiple times.</msg>
</errors>
</robot>
